[build] captures: ['attenuation_dB_0', 'attenuation_dB_10', 'attenuation_dB_15', 'attenuation_dB_20', 'attenuation_dB_25', 'attenuation_dB_30', 'attenuation_dB_30_v2', 'attenuation_dB_35', 'attenuation_dB_40', 'attenuation_dB_45', 'attenuation_dB_5', 'attenuation_dB_50', 'attenuation_dB_55', 'attenuation_dB_60']
[build] calibrated global dB range: vmin=-46.93 vmax=19.56 (from 14 captures, 2800000 pooled px)
[build] plan attenuation_dB_0 (0dB): 1484/6645 frames kept (924 signal, 560 noise)
[build] plan attenuation_dB_10 (10dB): 1484/6767 frames kept (914 signal, 570 noise)
[build] plan attenuation_dB_15 (15dB): 1484/6775 frames kept (928 signal, 556 noise)
[build] plan attenuation_dB_20 (20dB): 1484/6691 frames kept (934 signal, 550 noise)
[build] plan attenuation_dB_25 (25dB): 1484/6707 frames kept (946 signal, 538 noise)
[build] plan attenuation_dB_30 (30dB): 1484/6868 frames kept (926 signal, 558 noise)
[build] plan attenuation_dB_30_v2 (30dB): 1484/6756 frames kept (953 signal, 531 noise)
[build] plan attenuation_dB_35 (35dB): 1484/6682 frames kept (942 signal, 542 noise)
[build] plan attenuation_dB_40 (40dB): 1484/6812 frames kept (909 signal, 575 noise)
[build] plan attenuation_dB_45 (45dB): 1484/6731 frames kept (888 signal, 596 noise)
[build] plan attenuation_dB_5 (5dB): 1484/6794 frames kept (937 signal, 547 noise)
[build] plan attenuation_dB_50 (50dB): 1484/6807 frames kept (941 signal, 543 noise)
[build] plan attenuation_dB_55 (55dB): 1484/6808 frames kept (940 signal, 544 noise)
[build] plan attenuation_dB_60 (60dB): 1484/6777 frames kept (929 signal, 555 noise)
[build] materializing splits: {'train': 14588, 'val': 3038, 'test': 3150}
[build]   attenuation_dB_0: wrote 1484 frames (8.1s elapsed)
[build]   attenuation_dB_10: wrote 1484 frames (16.1s elapsed)
[build]   attenuation_dB_15: wrote 1484 frames (24.0s elapsed)
[build]   attenuation_dB_20: wrote 1484 frames (31.9s elapsed)
[build]   attenuation_dB_25: wrote 1484 frames (41.4s elapsed)
[build]   attenuation_dB_30: wrote 1484 frames (49.4s elapsed)
[build]   attenuation_dB_30_v2: wrote 1484 frames (57.4s elapsed)
[build]   attenuation_dB_35: wrote 1484 frames (65.3s elapsed)
[build]   attenuation_dB_40: wrote 1484 frames (73.4s elapsed)
[build]   attenuation_dB_45: wrote 1484 frames (81.6s elapsed)
[build]   attenuation_dB_5: wrote 1484 frames (89.5s elapsed)
[build]   attenuation_dB_50: wrote 1484 frames (97.2s elapsed)
[build]   attenuation_dB_55: wrote 1484 frames (105.1s elapsed)
[build]   attenuation_dB_60: wrote 1484 frames (116.2s elapsed)
[build] DONE -> /home/bqn82/Holohub-Signal-Detection/dino_fine_tuning/data/dataset  counts={'train': 14588, 'val': 3038, 'test': 3150} regions=50321
