ts,mem_used_gb,mem_avail_gb,swap_used_gb,gpu_mem_mb,gpu_util,load1,my_rss_gb,warn
22:52:13,26.3,98.7,6.5,3753,100,1.43,13.3,
22:53:13,26.3,98.8,6.4,3753,100,1.53,15.9,
22:54:13,26.3,98.7,6.4,3753,100,1.23,13.3,
22:55:13,26.2,98.8,6.4,3753,100,1.83,14.4,
22:56:13,26.3,98.7,6.4,3753,100,2.09,16.9,
22:57:14,26.2,98.8,6.4,3753,100,1.60,12.9,
22:58:14,26.3,98.8,6.4,3753,100,1.30,15.4,
22:59:14,26.3,98.7,6.4,3753,100,1.56,12.9,
23:00:14,26.2,98.8,6.4,3753,100,2.02,14.0,
23:01:14,26.4,98.7,6.4,3753,100,1.44,16.5,
23:02:14,26.3,98.8,6.4,3753,100,1.41,13.9,
23:03:14,26.3,98.8,6.4,3753,100,1.73,15.0,
23:04:14,26.4,98.6,6.4,3753,100,2.28,17.4,
23:05:14,26.4,98.6,6.4,3753,100,1.96,13.6,
23:06:14,26.3,98.7,6.4,3753,100,2.04,16.1,
23:07:14,26.3,98.7,6.4,3753,100,1.92,13.6,
23:08:14,26.2,98.8,6.4,3753,100,1.77,14.6,
23:09:14,26.3,98.7,6.4,3753,100,1.36,17.1,
23:10:14,26.2,98.8,6.4,3753,100,1.44,13.2,
23:11:14,26.2,98.8,6.4,3753,100,2.01,15.7,
23:12:15,26.2,98.8,6.4,3753,100,2.48,13.2,
23:13:15,26.4,98.6,6.4,3753,100,1.70,14.2,
23:14:15,26.2,98.8,6.4,3753,100,1.96,16.7,
23:15:15,26.5,98.5,6.4,3753,100,1.80,12.8,
23:16:15,26.3,98.7,6.4,3753,100,1.85,15.3,
23:17:15,26.4,98.6,6.4,3753,100,1.51,12.7,
23:18:15,26.3,98.7,6.4,3753,100,1.26,13.8,
23:19:15,26.4,98.6,6.4,3753,100,1.68,16.3,
23:20:15,26.2,98.9,6.4,3753,100,1.39,13.8,
23:21:15,26.3,98.8,6.4,3753,100,1.17,14.9,
23:22:15,26.3,98.7,6.4,3753,100,1.10,17.3,
23:23:15,26.4,98.6,6.4,3753,100,1.83,13.4,
23:24:15,25.8,99.3,6.4,3753,100,2.68,15.4,
23:25:15,25.8,99.2,6.4,3753,100,2.57,12.9,
23:26:15,25.7,99.4,6.3,3753,100,1.84,14.0,
23:27:16,25.8,99.3,6.3,3753,100,1.34,16.5,
23:28:16,25.8,99.2,6.3,3753,100,1.26,12.5,
23:29:16,26.1,99.0,6.3,3753,100,1.32,15.0,
23:30:16,25.9,99.2,6.3,3753,100,1.34,12.5,
23:31:16,25.9,99.1,6.3,3753,100,1.50,13.5,
23:32:16,25.9,99.1,6.3,3753,100,1.18,16.1,
23:33:16,26.2,98.9,6.3,3753,100,1.48,12.1,
23:34:16,26.1,98.9,6.3,3753,100,1.64,14.6,
23:35:16,26.1,98.9,6.3,3753,100,1.58,12.1,
23:36:16,25.7,99.3,6.3,6891,100,1.56,7.8,
23:37:16,25.7,99.4,6.3,6891,100,1.29,9.5,
23:38:16,25.7,99.4,6.3,6891,100,1.29,11.0,
23:39:16,25.7,99.4,6.3,6891,100,1.35,10.4,
23:40:16,25.8,99.3,6.3,6891,100,1.24,11.0,
23:41:16,25.7,99.3,6.3,6891,100,1.14,12.6,
23:42:16,25.8,99.2,6.3,6891,100,1.14,14.1,
23:43:17,25.9,99.1,6.3,6891,6,3.95,5.5,
23:44:17,25.7,99.3,6.3,6891,100,2.25,11.4,
23:45:17,25.8,99.2,6.3,6891,100,1.81,13.0,
23:46:17,25.0,100.0,6.3,6891,100,1.46,13.6,
23:47:17,24.8,100.3,6.3,6891,100,1.35,9.0,
23:48:17,24.7,100.3,6.3,6891,100,1.24,10.6,
23:49:17,24.8,100.2,6.3,6891,100,1.24,12.1,
23:50:17,24.8,100.2,6.3,6891,100,1.30,9.0,
23:51:17,24.7,100.4,6.3,6891,100,1.51,9.4,
23:52:17,24.7,100.3,6.3,6891,100,1.33,11.0,
23:53:17,24.7,100.3,6.3,6891,100,1.33,12.6,
23:54:17,24.7,100.3,6.3,6891,100,1.37,9.7,
23:55:17,24.8,100.2,6.3,6891,100,1.21,9.9,
23:56:17,24.8,100.3,6.3,6891,100,1.08,11.5,
23:57:17,24.7,100.3,6.3,6891,100,1.16,13.0,
23:58:18,25.0,100.1,6.3,6891,100,1.30,8.8,
23:59:18,24.9,100.2,6.3,6891,100,1.39,10.4,
00:00:18,24.8,100.2,6.3,6891,100,1.41,12.0,
00:01:18,24.8,100.3,6.3,6891,100,1.23,8.7,
00:02:18,24.8,100.3,6.3,6891,100,1.28,9.3,
00:03:18,24.8,100.3,6.3,6891,100,1.28,10.9,
00:04:18,24.8,100.3,6.3,6891,100,1.17,12.4,
00:05:18,24.9,100.2,6.3,6891,100,1.25,9.5,
00:06:18,24.7,100.3,6.3,6891,100,1.42,9.8,
00:07:18,24.7,100.3,6.3,6891,100,1.37,11.4,
00:08:18,24.8,100.3,6.3,6891,100,1.14,12.9,
00:09:18,24.7,100.3,6.3,6891,100,1.18,8.7,
00:10:18,24.7,100.3,6.3,6891,100,1.31,10.3,
00:11:18,24.8,100.2,6.3,6891,100,1.35,11.8,
00:12:18,24.8,100.3,6.3,6891,100,1.37,8.5,
00:13:19,24.9,100.2,6.3,6891,100,1.24,9.2,
00:14:19,24.7,100.3,6.3,6891,100,1.30,10.8,
00:15:19,24.8,100.2,6.3,6891,100,1.23,12.3,
00:16:19,24.8,100.2,6.3,6891,100,1.23,9.3,
00:17:19,24.8,100.3,6.3,6891,100,1.12,9.7,
00:18:19,24.7,100.3,6.3,6891,100,1.12,11.2,
00:19:19,24.8,100.2,6.3,6891,100,1.47,12.8,
00:20:19,25.0,100.1,6.3,6891,100,1.34,8.5,
00:21:19,24.9,100.2,6.3,6891,100,1.22,10.1,
00:22:19,24.8,100.3,6.2,6891,100,1.27,11.7,
00:23:19,24.8,100.3,6.2,6891,100,1.33,13.2,
00:24:19,24.7,100.3,6.2,6891,100,1.24,9.0,
00:25:19,24.7,100.3,6.2,6891,100,1.31,10.6,
00:26:19,24.7,100.3,6.2,6891,100,1.19,12.2,
00:27:19,24.7,100.3,6.2,6891,100,1.32,9.1,
00:28:20,24.7,100.3,6.2,6891,100,1.45,9.5,
00:29:20,24.8,100.3,6.2,6891,100,2.22,11.1,
00:30:20,24.8,100.3,6.2,6891,100,1.58,12.6,
00:31:20,24.7,100.4,6.2,6891,100,1.34,9.8,
00:32:20,24.7,100.3,6.2,6891,100,1.30,10.0,
00:33:20,24.8,100.2,6.2,6891,100,1.25,11.6,
00:34:20,24.7,100.3,6.2,6891,100,1.31,13.1,
00:35:20,24.8,100.3,6.2,6891,100,1.16,8.9,
00:36:20,24.7,100.3,6.2,6891,100,1.23,10.5,
00:37:20,24.7,100.4,6.2,6891,100,1.16,12.0,
00:38:20,24.8,100.3,6.2,6891,100,1.18,8.8,
00:39:20,24.8,100.3,6.2,6891,100,1.33,9.4,
00:40:20,24.8,100.2,6.2,6891,100,1.35,11.0,
00:41:20,24.7,100.3,6.2,6891,100,1.38,12.5,
00:42:20,24.7,100.3,6.2,6891,100,1.26,9.6,
00:43:20,24.8,100.3,6.2,3753,100,1.35,7.9,
00:44:21,24.9,100.1,6.2,3753,100,1.24,10.4,
00:45:21,24.7,100.4,6.2,3753,100,1.08,12.8,
00:46:21,24.7,100.3,6.2,3753,100,1.23,9.1,
00:47:21,24.7,100.4,6.2,3753,100,1.28,10.4,
00:48:21,24.7,100.3,6.2,3753,100,1.10,12.9,
00:49:21,24.9,100.2,6.2,3753,100,1.11,15.3,
00:50:21,24.8,100.2,6.2,3753,100,1.34,9.2,
00:51:21,24.7,100.4,6.2,3753,100,1.75,10.2,
00:52:21,24.9,100.2,6.2,3753,100,1.74,12.7,
00:53:21,24.9,100.2,6.2,3753,100,1.39,15.1,
00:54:21,24.8,100.3,6.2,3753,100,1.14,9.0,
00:55:21,24.6,100.5,6.2,3753,100,1.17,10.1,
00:56:21,24.6,100.4,6.2,3753,100,1.88,12.6,
00:57:21,24.7,100.3,6.2,3753,100,1.39,15.0,
00:58:21,24.7,100.4,6.2,3753,100,1.26,8.9,
00:59:22,24.8,100.2,6.2,3753,100,1.27,10.0,
01:00:22,24.8,100.2,6.2,3753,100,1.45,12.4,
01:01:22,24.8,100.2,6.2,3753,100,1.87,14.9,
01:02:22,24.8,100.3,6.2,3753,100,1.46,8.8,
01:03:22,24.7,100.4,6.2,3753,100,1.44,9.8,
01:04:22,25.0,100.0,6.2,3753,100,1.22,12.3,
01:05:22,24.8,100.2,6.2,3753,100,1.08,14.8,
01:06:22,24.9,100.2,6.2,3753,100,1.30,8.6,
01:07:22,24.7,100.4,6.2,3753,100,1.21,9.7,
01:08:22,24.8,100.2,6.2,3753,100,1.65,12.2,
01:09:22,24.8,100.2,6.2,3753,100,1.31,14.6,
01:10:22,24.8,100.3,6.2,3753,100,1.11,8.5,
01:11:22,24.9,100.2,6.2,3753,100,1.16,9.6,
01:12:22,24.8,100.2,6.2,3753,100,1.14,12.1,
01:13:22,24.8,100.3,6.2,3753,100,1.72,14.5,
01:14:23,24.8,100.2,6.2,3753,100,1.91,16.9,
01:15:23,24.8,100.2,6.2,3753,100,1.73,9.5,
01:16:23,24.8,100.3,6.2,3753,100,1.61,11.9,
01:17:23,24.9,100.2,6.2,3753,100,1.41,14.4,
01:18:23,25.0,100.1,6.2,3753,100,1.15,16.8,
01:19:23,24.7,100.3,6.2,3753,100,1.14,9.3,
01:20:23,24.9,100.2,6.2,3753,100,1.17,11.8,
01:21:23,24.8,100.2,6.2,3753,100,1.28,14.3,
01:22:23,24.8,100.2,6.2,3753,100,1.47,16.7,
01:23:23,24.8,100.2,6.2,3753,100,1.33,9.2,
01:24:23,24.8,100.2,6.2,3753,100,1.19,11.7,
01:25:23,24.8,100.2,6.2,3753,100,1.07,14.2,
01:26:23,24.8,100.2,6.2,3753,100,1.02,16.5,
01:27:23,24.7,100.3,6.2,3753,100,1.15,9.0,
01:28:23,24.8,100.2,6.2,3753,100,1.05,11.6,
01:29:23,24.8,100.3,6.2,3753,100,1.29,14.0,
01:30:24,24.7,100.3,6.2,3753,100,1.10,16.3,
01:31:24,24.7,100.3,6.2,3753,100,1.14,8.9,
01:32:24,24.7,100.3,6.2,3753,100,1.05,11.4,
01:33:24,24.7,100.3,6.2,3753,100,1.08,13.9,
01:34:24,24.8,100.3,6.2,3753,100,1.11,16.3,
01:35:24,24.8,100.2,6.2,3753,100,1.08,8.8,
01:36:24,24.9,100.2,6.2,3753,100,1.09,11.3,
01:37:24,24.8,100.2,6.2,3753,100,1.13,13.8,
01:38:24,24.8,100.3,6.2,3753,100,1.20,16.2,
01:39:24,24.8,100.2,6.2,3753,100,1.14,8.6,
01:40:24,24.8,100.2,6.2,3753,100,1.13,11.1,
01:41:24,24.8,100.2,6.2,3753,100,1.37,13.6,
01:42:24,24.8,100.3,6.2,3753,100,2.21,16.0,
01:43:24,24.7,100.4,6.2,3753,7,1.64,8.5,
01:44:24,24.9,100.2,6.2,3753,100,1.19,11.1,
01:45:25,24.7,100.3,6.2,3753,100,1.07,13.4,
01:46:25,24.7,100.3,6.2,3753,100,1.02,15.9,
01:47:25,24.7,100.3,6.2,3753,100,1.12,9.8,
01:48:25,24.8,100.3,6.2,3753,100,1.04,10.9,
01:49:25,24.8,100.2,6.2,3753,100,1.50,13.4,
01:50:25,24.8,100.2,6.2,3753,100,1.33,15.8,
01:51:25,24.8,100.2,6.2,3753,100,1.18,9.7,
01:52:25,24.8,100.3,6.2,3753,100,1.10,10.8,
01:53:25,24.8,100.2,6.2,3753,100,1.03,13.2,
01:54:25,24.8,100.3,6.2,3753,100,1.48,15.6,
01:55:25,24.8,100.2,6.2,3753,100,1.37,9.6,
01:56:25,24.6,100.4,6.2,6891,100,1.36,7.2,
01:57:25,24.7,100.3,6.2,6891,100,1.26,8.8,
01:58:25,24.7,100.3,6.2,6891,100,1.49,10.4,
01:59:25,24.8,100.3,6.2,6891,100,1.58,11.9,
02:00:25,24.8,100.3,6.2,6891,100,1.34,13.4,
02:01:26,24.8,100.2,6.2,6891,100,1.32,9.4,
02:02:26,24.4,100.6,6.2,6891,100,1.33,9.9,
02:03:26,24.5,100.5,6.2,6891,100,1.22,11.5,
02:04:26,24.5,100.5,6.2,6891,100,1.79,13.1,
02:05:26,24.5,100.5,6.2,6891,100,1.40,14.6,
02:06:26,24.5,100.5,6.2,6891,100,1.27,16.1,
02:07:26,24.4,100.6,6.2,6891,100,1.26,9.5,
02:08:26,24.5,100.6,6.2,6891,100,1.82,9.8,
02:09:26,24.5,100.6,6.2,6891,100,1.39,11.4,
02:10:26,24.5,100.5,6.2,6891,100,1.40,13.0,
02:11:26,24.5,100.5,6.2,6891,100,1.32,14.5,
02:12:26,24.5,100.6,6.2,6891,100,1.38,16.0,
02:13:26,24.6,100.5,6.2,6891,100,1.27,9.5,
02:14:26,24.5,100.5,6.2,6891,100,1.29,9.8,
02:15:26,24.5,100.5,6.2,6891,100,1.14,11.4,
02:16:27,24.5,100.6,6.2,6891,100,1.12,13.0,
02:17:27,24.5,100.5,6.2,6891,100,1.20,14.5,
02:18:27,24.5,100.5,6.2,6891,100,1.16,16.1,
02:19:27,24.6,100.5,6.2,6891,100,1.59,9.5,
02:20:27,24.4,100.6,6.2,6891,100,1.40,9.8,
02:21:27,24.5,100.5,6.2,6891,100,1.15,11.4,
02:22:27,24.7,100.3,6.2,6891,100,1.10,13.0,
02:23:27,24.6,100.4,6.2,6891,100,1.16,14.5,
02:24:27,24.5,100.5,6.2,6891,100,1.17,16.1,
02:25:27,24.5,100.5,6.2,6891,100,1.20,9.5,
02:26:27,24.6,100.5,6.2,6891,100,1.35,9.8,
02:27:27,24.6,100.5,6.2,6891,100,1.27,11.4,
02:28:27,24.6,100.4,6.2,6891,100,1.21,13.0,
02:29:27,24.6,100.4,6.2,6891,100,1.19,14.5,
02:30:27,24.5,100.5,6.2,6891,100,1.91,16.1,
02:31:28,24.6,100.4,6.2,6891,100,1.47,9.5,
02:32:28,24.6,100.5,6.2,6891,100,1.17,9.8,
02:33:28,24.7,100.3,6.2,6891,100,1.13,11.4,
02:34:28,24.6,100.4,6.2,6891,100,1.22,13.0,
02:35:28,24.6,100.5,6.2,6891,100,1.17,14.5,
02:36:28,24.6,100.4,6.2,6891,100,1.31,16.1,
02:37:28,24.8,100.3,6.2,6891,100,1.11,9.5,
02:38:28,24.6,100.5,6.2,6891,100,1.19,9.8,
02:39:28,24.5,100.5,6.2,6891,100,1.19,11.4,
02:40:28,24.6,100.4,6.2,6891,100,1.22,13.0,
02:41:28,24.6,100.5,6.2,6891,100,1.19,14.5,
02:42:28,24.6,100.4,6.2,6891,100,1.18,16.1,
02:43:28,24.6,100.4,6.2,6891,100,1.19,9.5,
02:44:28,24.5,100.5,6.2,6891,100,1.15,9.8,
02:45:28,24.5,100.5,6.2,6891,100,1.24,11.4,
02:46:28,24.6,100.4,6.2,6891,100,1.09,13.0,
02:47:29,24.5,100.5,6.2,6891,100,1.10,14.5,
02:48:29,24.6,100.4,6.2,6891,100,1.17,16.0,
02:49:29,24.5,100.5,6.2,6891,100,1.23,9.5,
02:50:29,24.5,100.6,6.2,6891,100,1.19,9.8,
02:51:29,24.7,100.4,6.2,6891,100,1.75,11.4,
02:52:29,24.7,100.3,6.2,6891,100,1.39,13.0,
02:53:29,24.6,100.5,6.2,6891,100,1.29,14.5,
02:54:29,24.7,100.3,6.2,6891,100,1.67,16.0,
02:55:29,24.5,100.6,6.2,6891,100,1.36,9.4,
02:56:29,24.6,100.5,6.2,6891,100,1.33,9.8,
02:57:29,24.6,100.5,6.2,6891,100,1.42,11.4,
02:58:29,24.6,100.5,6.2,6891,100,1.23,13.0,
02:59:29,24.6,100.4,6.2,6891,100,1.95,14.5,
03:00:29,24.6,100.4,6.2,6891,100,1.50,16.0,
03:01:29,24.5,100.5,6.2,6891,100,1.34,9.4,
03:02:29,24.5,100.5,6.2,6891,100,1.22,9.8,
03:03:30,24.7,100.4,6.2,6891,100,1.14,11.4,
03:04:30,24.6,100.4,6.2,6891,100,1.26,13.0,
03:05:30,24.6,100.4,6.2,6891,100,1.33,14.5,
03:06:30,24.6,100.4,6.2,6891,100,1.12,16.0,
03:07:30,24.5,100.5,6.2,6891,100,1.70,9.4,
03:08:30,24.5,100.6,6.2,6891,100,1.62,9.8,
03:09:30,24.6,100.4,6.2,6891,100,1.32,11.4,
03:10:30,24.5,100.5,6.2,6891,100,1.23,13.0,
03:11:30,24.6,100.5,6.2,6891,100,1.25,14.5,
03:12:30,24.7,100.4,6.2,6891,100,1.20,16.0,
03:13:30,24.6,100.4,6.2,6891,100,1.22,9.4,
03:14:30,24.5,100.5,6.2,6891,100,1.45,9.8,
03:15:30,24.5,100.5,6.2,6891,100,1.32,11.4,
03:16:30,24.6,100.4,6.2,6891,100,1.31,13.0,
03:17:30,24.6,100.4,6.2,6891,100,1.27,14.6,
03:18:31,24.5,100.5,6.2,6891,100,1.28,16.1,
03:19:31,24.6,100.4,6.2,6891,100,1.28,9.4,
03:20:31,24.6,100.5,6.2,6891,100,1.19,9.8,
03:21:31,24.5,100.5,6.2,6891,100,1.24,11.4,
03:22:31,24.7,100.3,6.2,6891,100,1.27,13.0,
03:23:31,24.7,100.3,6.2,6891,100,1.14,14.5,
03:24:31,24.6,100.4,6.2,6891,100,1.12,16.0,
03:25:31,24.6,100.5,6.2,6891,100,1.38,9.4,
03:26:31,24.6,100.4,6.2,6891,100,1.23,9.8,
03:27:31,24.6,100.5,6.2,6891,100,1.24,11.4,
03:28:31,24.7,100.4,6.2,6891,100,1.37,13.0,
03:29:31,24.7,100.4,6.2,6891,100,1.38,14.5,
03:30:31,24.6,100.5,6.2,6891,100,1.25,16.0,
03:31:31,24.7,100.4,6.2,6891,100,1.33,9.4,
03:32:31,24.6,100.4,6.2,6891,100,1.32,9.8,
03:33:32,24.6,100.4,6.2,6891,100,1.27,11.4,
03:34:32,24.7,100.4,6.2,6891,100,1.26,13.0,
03:35:32,24.6,100.5,6.2,6891,100,1.28,14.5,
03:36:32,24.6,100.4,6.2,6891,100,1.35,16.0,
03:37:32,24.5,100.5,6.2,6891,100,1.24,9.4,
03:38:32,24.5,100.5,6.2,6891,100,1.29,9.8,
03:39:32,24.6,100.4,6.2,6891,100,1.17,11.4,
03:40:32,24.6,100.4,6.2,6891,100,1.19,13.0,
03:41:32,24.6,100.5,6.2,6891,100,1.32,14.5,
03:42:32,24.6,100.4,6.2,6891,100,1.27,16.0,
03:43:32,24.6,100.4,6.2,6891,100,1.20,9.5,
03:44:32,27.5,97.5,6.2,3709,94,1.25,10.4,
03:45:32,34.2,90.9,6.2,3709,0,1.17,14.8,
03:46:32,26.1,98.9,6.2,3949,95,1.37,9.4,
03:47:32,34.0,91.0,6.2,3949,0,1.18,14.6,
03:48:33,24.8,100.2,6.2,3709,95,1.30,8.4,
03:49:33,34.3,90.8,6.2,3709,0,1.27,14.8,
03:50:33,23.7,101.3,6.2,3709,90,1.20,9.5,
03:51:33,34.2,90.9,6.2,3949,0,1.07,14.4,
03:52:33,24.0,101.0,6.2,3949,90,1.74,9.3,
03:53:33,22.2,102.8,6.2,328,0,0.80,2.5,
