[2026-07-07 22:49:15] === FULL RUN START ===
[2026-07-07 22:49:15] STEP 1/4 dataset already built, skipping (FORCE_BUILD=1 to rebuild)
[2026-07-07 22:49:15] dataset counts: 
[2026-07-07 22:49:15] STEP 2/4 train 4 models
[2026-07-07 22:49:15]   [M1_frozen] training (mode=frozen --atten-max 30)
[train] M1_frozen: train=8336 (atten_max=30) val=3038
[train] trainable params: 1.96M  (mode=frozen)
[train] ep00 loss=0.8732 val_IoU=0.6773 F1=0.8076 P=0.885 R=0.742 (155s)
[train]   new best val_IoU=0.6773 -> best.pt
[train] ep01 loss=0.4548 val_IoU=0.7111 F1=0.8312 P=0.959 R=0.734 (155s)
[train]   new best val_IoU=0.7111 -> best.pt
[train] ep02 loss=0.3339 val_IoU=0.7211 F1=0.8379 P=0.966 R=0.740 (155s)
[train]   new best val_IoU=0.7211 -> best.pt
[train] ep03 loss=0.2884 val_IoU=0.7361 F1=0.8480 P=0.966 R=0.756 (155s)
[train]   new best val_IoU=0.7361 -> best.pt
[train] ep04 loss=0.2692 val_IoU=0.7251 F1=0.8407 P=0.956 R=0.750 (155s)
[train] ep05 loss=0.2523 val_IoU=0.7372 F1=0.8487 P=0.961 R=0.760 (155s)
[train]   new best val_IoU=0.7372 -> best.pt
[train] ep06 loss=0.2418 val_IoU=0.7283 F1=0.8428 P=0.978 R=0.740 (155s)
[train] ep07 loss=0.2326 val_IoU=0.7263 F1=0.8414 P=0.981 R=0.737 (155s)
[train] ep08 loss=0.1301 val_IoU=0.7354 F1=0.8475 P=0.975 R=0.749 (155s)
[train] ep09 loss=0.0214 val_IoU=0.7286 F1=0.8430 P=0.975 R=0.742 (154s)
[train] ep10 loss=0.0140 val_IoU=0.7293 F1=0.8435 P=0.984 R=0.738 (155s)
[train] ep11 loss=0.0113 val_IoU=0.7339 F1=0.8466 P=0.984 R=0.743 (155s)
[train] ep12 loss=0.0093 val_IoU=0.7438 F1=0.8531 P=0.984 R=0.753 (154s)
[train]   new best val_IoU=0.7438 -> best.pt
[train] ep13 loss=0.0081 val_IoU=0.7337 F1=0.8464 P=0.987 R=0.741 (154s)
[train] ep14 loss=0.0072 val_IoU=0.7433 F1=0.8528 P=0.987 R=0.751 (155s)
[train] ep15 loss=0.0068 val_IoU=0.7429 F1=0.8525 P=0.986 R=0.751 (154s)
[train] ep16 loss=0.0063 val_IoU=0.7415 F1=0.8515 P=0.989 R=0.748 (155s)
[train] ep17 loss=0.0063 val_IoU=0.7413 F1=0.8514 P=0.989 R=0.748 (155s)
[train] DONE M1_frozen: best val_IoU=0.7438
[2026-07-07 23:35:50]   [M1_ft] training (mode=ft_lastN --atten-max 30)
[train] M1_ft: train=8336 (atten_max=30) val=3038
[train] trainable params: 30.32M  (mode=ft_lastN)
[train] ep00 loss=0.8672 val_IoU=0.6762 F1=0.8068 P=0.882 R=0.743 (222s)
[train]   new best val_IoU=0.6762 -> best.pt
[train] ep01 loss=0.4496 val_IoU=0.7239 F1=0.8398 P=0.969 R=0.741 (221s)
[train]   new best val_IoU=0.7239 -> best.pt
[train] ep02 loss=0.3290 val_IoU=0.7282 F1=0.8427 P=0.960 R=0.751 (221s)
[train]   new best val_IoU=0.7282 -> best.pt
[train] ep03 loss=0.2843 val_IoU=0.7333 F1=0.8461 P=0.966 R=0.752 (221s)
[train]   new best val_IoU=0.7333 -> best.pt
[train] ep04 loss=0.2628 val_IoU=0.7334 F1=0.8462 P=0.980 R=0.744 (221s)
[train]   new best val_IoU=0.7334 -> best.pt
[train] ep05 loss=0.2477 val_IoU=0.7415 F1=0.8515 P=0.959 R=0.766 (221s)
[train]   new best val_IoU=0.7415 -> best.pt
[train] ep06 loss=0.2375 val_IoU=0.7407 F1=0.8511 P=0.979 R=0.752 (221s)
[train] ep07 loss=0.2279 val_IoU=0.7422 F1=0.8520 P=0.985 R=0.751 (221s)
[train]   new best val_IoU=0.7422 -> best.pt
[train] ep08 loss=0.1085 val_IoU=0.7360 F1=0.8479 P=0.973 R=0.751 (221s)
[train] ep09 loss=0.0178 val_IoU=0.7454 F1=0.8541 P=0.983 R=0.755 (221s)
[train]   new best val_IoU=0.7454 -> best.pt
[train] ep10 loss=0.0118 val_IoU=0.7490 F1=0.8565 P=0.983 R=0.759 (221s)
[train]   new best val_IoU=0.7490 -> best.pt
[train] ep11 loss=0.0094 val_IoU=0.7489 F1=0.8564 P=0.978 R=0.761 (221s)
[train] ep12 loss=0.0077 val_IoU=0.7516 F1=0.8582 P=0.982 R=0.762 (221s)
[train]   new best val_IoU=0.7516 -> best.pt
[train] ep13 loss=0.0068 val_IoU=0.7535 F1=0.8594 P=0.985 R=0.762 (221s)
[train]   new best val_IoU=0.7535 -> best.pt
[train] ep14 loss=0.0061 val_IoU=0.7515 F1=0.8581 P=0.990 R=0.757 (221s)
[train] ep15 loss=0.0054 val_IoU=0.7547 F1=0.8602 P=0.989 R=0.761 (221s)
[train]   new best val_IoU=0.7547 -> best.pt
[train] ep16 loss=0.0052 val_IoU=0.7549 F1=0.8603 P=0.990 R=0.761 (221s)
[train]   new best val_IoU=0.7549 -> best.pt
[train] ep17 loss=0.0051 val_IoU=0.7547 F1=0.8602 P=0.990 R=0.760 (221s)
[train] DONE M1_ft: best val_IoU=0.7549
[2026-07-08 00:42:30]   [M2_frozen] training (mode=frozen )
[train] M2_frozen: train=14588 (atten_max=None) val=3038
[train] trainable params: 1.96M  (mode=frozen)
[train] ep00 loss=0.9832 val_IoU=0.5662 F1=0.7230 P=0.632 R=0.845 (244s)
[train]   new best val_IoU=0.5662 -> best.pt
[train] ep01 loss=0.6083 val_IoU=0.7673 F1=0.8683 P=0.925 R=0.818 (243s)
[train]   new best val_IoU=0.7673 -> best.pt
[train] ep02 loss=0.5166 val_IoU=0.7771 F1=0.8746 P=0.911 R=0.841 (243s)
[train]   new best val_IoU=0.7771 -> best.pt
[train] ep03 loss=0.4846 val_IoU=0.4192 F1=0.5908 P=0.435 R=0.918 (243s)
[train] ep04 loss=0.4581 val_IoU=0.6167 F1=0.7629 P=0.656 R=0.911 (243s)
[train] ep05 loss=0.4492 val_IoU=0.7729 F1=0.8719 P=0.871 R=0.873 (243s)
[train] ep06 loss=0.4287 val_IoU=0.7564 F1=0.8613 P=0.833 R=0.891 (243s)
[train] ep07 loss=0.4217 val_IoU=0.7732 F1=0.8721 P=0.865 R=0.879 (243s)
[train] ep08 loss=0.4133 val_IoU=0.7513 F1=0.8580 P=0.823 R=0.896 (243s)
[train] ep09 loss=0.5275 val_IoU=0.7156 F1=0.8342 P=0.773 R=0.906 (243s)
[train] ep10 loss=0.5007 val_IoU=0.8240 F1=0.9035 P=0.943 R=0.867 (243s)
[train]   new best val_IoU=0.8240 -> best.pt
[train] ep11 loss=0.4732 val_IoU=0.7449 F1=0.8538 P=0.811 R=0.901 (243s)
[train] ep12 loss=0.4481 val_IoU=0.7520 F1=0.8584 P=0.816 R=0.905 (243s)
[train] ep13 loss=0.4311 val_IoU=0.7857 F1=0.8800 P=0.867 R=0.894 (243s)
[train] ep14 loss=0.4296 val_IoU=0.7932 F1=0.8846 P=0.873 R=0.897 (243s)
[train] ep15 loss=0.4137 val_IoU=0.7994 F1=0.8885 P=0.878 R=0.899 (243s)
[train] ep16 loss=0.3807 val_IoU=0.7875 F1=0.8811 P=0.860 R=0.903 (243s)
[train] ep17 loss=0.3830 val_IoU=0.7796 F1=0.8762 P=0.849 R=0.906 (243s)
[train] DONE M2_frozen: best val_IoU=0.8240
[2026-07-08 01:55:35]   [M2_ft] training (mode=ft_lastN )
[train] M2_ft: train=14588 (atten_max=None) val=3038
[train] trainable params: 30.32M  (mode=ft_lastN)
[train] ep00 loss=0.9654 val_IoU=0.4646 F1=0.6344 P=0.498 R=0.873 (360s)
[train]   new best val_IoU=0.4646 -> best.pt
[train] ep01 loss=0.6082 val_IoU=0.7720 F1=0.8713 P=0.949 R=0.805 (360s)
[train]   new best val_IoU=0.7720 -> best.pt
[train] ep02 loss=0.5124 val_IoU=0.6039 F1=0.7530 P=0.666 R=0.866 (360s)
[train] ep03 loss=0.4707 val_IoU=0.2685 F1=0.4234 P=0.273 R=0.947 (360s)
[train] ep04 loss=0.4425 val_IoU=0.7623 F1=0.8651 P=0.841 R=0.891 (360s)
[train] ep05 loss=0.4290 val_IoU=0.6121 F1=0.7594 P=0.654 R=0.905 (360s)
[train] ep06 loss=0.4186 val_IoU=0.6646 F1=0.7985 P=0.713 R=0.908 (360s)
[train] ep07 loss=0.4363 val_IoU=0.7778 F1=0.8750 P=0.856 R=0.895 (360s)
[train]   new best val_IoU=0.7778 -> best.pt
[train] ep08 loss=0.5738 val_IoU=0.7981 F1=0.8877 P=0.897 R=0.879 (360s)
[train]   new best val_IoU=0.7981 -> best.pt
[train] ep09 loss=0.5495 val_IoU=0.6884 F1=0.8154 P=0.741 R=0.906 (360s)
[train] ep10 loss=0.4749 val_IoU=0.7351 F1=0.8474 P=0.811 R=0.887 (360s)
[train] ep11 loss=0.5068 val_IoU=0.7741 F1=0.8727 P=0.858 R=0.888 (360s)
[train] ep12 loss=0.4682 val_IoU=0.6028 F1=0.7522 P=0.635 R=0.922 (360s)
[train] ep13 loss=0.4485 val_IoU=0.7364 F1=0.8482 P=0.800 R=0.902 (360s)
[train] ep14 loss=0.4237 val_IoU=0.7124 F1=0.8320 P=0.769 R=0.906 (360s)
[train] ep15 loss=0.4310 val_IoU=0.7751 F1=0.8733 P=0.854 R=0.894 (360s)
[train] ep16 loss=0.4144 val_IoU=0.7331 F1=0.8460 P=0.800 R=0.897 (360s)
[train] ep17 loss=0.4190 val_IoU=0.7352 F1=0.8474 P=0.803 R=0.897 (360s)
[train] DONE M2_ft: best val_IoU=0.7981
[2026-07-08 03:43:46] STEP 3/4 evaluate on shared all-dB test split
[2026-07-08 03:43:46]   [eval energy]
[eval] wrote 3150 frame rows, 1336 region rows -> eval_out/energy
[2026-07-08 03:44:08]   [eval M1_frozen]
[eval] tuned threshold=0.20 (val micro-F1=0.854)
[eval] wrote 3150 frame rows, 1336 region rows -> eval_out/M1_frozen
[2026-07-08 03:46:17]   [eval M1_ft]
[eval] tuned threshold=0.45 (val micro-F1=0.860)
[eval] wrote 3150 frame rows, 1336 region rows -> eval_out/M1_ft
[2026-07-08 03:48:25]   [eval M2_frozen]
[eval] tuned threshold=0.70 (val micro-F1=0.906)
[eval] wrote 3150 frame rows, 1336 region rows -> eval_out/M2_frozen
[2026-07-08 03:50:33]   [eval M2_ft]
[eval] tuned threshold=0.85 (val micro-F1=0.908)
[eval] wrote 3150 frame rows, 1336 region rows -> eval_out/M2_ft
[2026-07-08 03:52:42] STEP 4/4 build report figures + tables
[report] figures:
  reports/figs/pixel_metrics_vs_atten.png
  reports/figs/fp_rate_vs_atten.png
  reports/figs/detection_vs_atten.png
  reports/figs/detection_by_class.png
  reports/figs/detection_by_bandwidth.png
  reports/figs/detection_by_length.png
  reports/figs/class_atten_heatmap_M2_ft.png
[report] wrote metrics_tables.md + summary.json
[2026-07-08 03:52:43] === FULL RUN DONE ===
