[train] M1_frozen: train=8336 (atten_max=30) val=3038
[train] trainable params: 1.96M  (mode=frozen)
[train] ep00 loss=0.9164 val_IoU=0.6476 F1=0.7861 P=0.822 R=0.753 (159s)
[train]   new best val_IoU=0.6476 -> best.pt
[train] M1_frozen: train=8336 (atten_max=30) val=3038
[train] trainable params: 1.96M  (mode=frozen)
[train] ep00 loss=0.8732 val_IoU=0.6773 F1=0.8076 P=0.885 R=0.742 (155s)
[train]   new best val_IoU=0.6773 -> best.pt
[train] ep01 loss=0.4548 val_IoU=0.7111 F1=0.8312 P=0.959 R=0.734 (155s)
[train]   new best val_IoU=0.7111 -> best.pt
[train] ep02 loss=0.3339 val_IoU=0.7211 F1=0.8379 P=0.966 R=0.740 (155s)
[train]   new best val_IoU=0.7211 -> best.pt
[train] ep03 loss=0.2884 val_IoU=0.7361 F1=0.8480 P=0.966 R=0.756 (155s)
[train]   new best val_IoU=0.7361 -> best.pt
[train] ep04 loss=0.2692 val_IoU=0.7251 F1=0.8407 P=0.956 R=0.750 (155s)
[train] ep05 loss=0.2523 val_IoU=0.7372 F1=0.8487 P=0.961 R=0.760 (155s)
[train]   new best val_IoU=0.7372 -> best.pt
[train] ep06 loss=0.2418 val_IoU=0.7283 F1=0.8428 P=0.978 R=0.740 (155s)
[train] ep07 loss=0.2326 val_IoU=0.7263 F1=0.8414 P=0.981 R=0.737 (155s)
[train] ep08 loss=0.1301 val_IoU=0.7354 F1=0.8475 P=0.975 R=0.749 (155s)
[train] ep09 loss=0.0214 val_IoU=0.7286 F1=0.8430 P=0.975 R=0.742 (154s)
[train] ep10 loss=0.0140 val_IoU=0.7293 F1=0.8435 P=0.984 R=0.738 (155s)
[train] ep11 loss=0.0113 val_IoU=0.7339 F1=0.8466 P=0.984 R=0.743 (155s)
[train] ep12 loss=0.0093 val_IoU=0.7438 F1=0.8531 P=0.984 R=0.753 (154s)
[train]   new best val_IoU=0.7438 -> best.pt
[train] ep13 loss=0.0081 val_IoU=0.7337 F1=0.8464 P=0.987 R=0.741 (154s)
[train] ep14 loss=0.0072 val_IoU=0.7433 F1=0.8528 P=0.987 R=0.751 (155s)
[train] ep15 loss=0.0068 val_IoU=0.7429 F1=0.8525 P=0.986 R=0.751 (154s)
[train] ep16 loss=0.0063 val_IoU=0.7415 F1=0.8515 P=0.989 R=0.748 (155s)
[train] ep17 loss=0.0063 val_IoU=0.7413 F1=0.8514 P=0.989 R=0.748 (155s)
[train] DONE M1_frozen: best val_IoU=0.7438
